<?xml version="1.0" encoding="UTF-8" ?>
<testsuite errors="0" failures="0" hostname="USER-CKQF2200MM" name="simpledb.HeapPageIdTest" skipped="0" tests="4" time="0.126" timestamp="2020-04-04T14:22:02">
  <properties>
[...]
</properties>
  <testcase classname="simpledb.HeapPageIdTest" name="equals" time="0.008" />
  <testcase classname="simpledb.HeapPageIdTest" name="pageno" time="0.0" />
  <testcase classname="simpledb.HeapPageIdTest" name="testHashCode" time="0.0" />
  <testcase classname="simpledb.HeapPageIdTest" name="getTableId" time="0.0" />
  <system-out><![CDATA[]]></system-out>
  <system-err><![CDATA[]]></system-err>
</testsuite>
